C51 COMPILER V9.57.0.0   FIRST_C                                                           10/02/2020 17:24:19 PAGE 1   


C51 COMPILER V9.57.0.0, COMPILATION OF MODULE FIRST_C
OBJECT MODULE PLACED IN .\Objects\first.c.obj
COMPILER INVOKED BY: D:\Keil-C51\keil\C51\BIN\C51.EXE Users\first.c.c OPTIMIZE(8,SPEED) BROWSE DEBUG OBJECTEXTEND PRINT(
                    -.\Listings\first.c.lst) OBJECT(.\Objects\first.c.obj)

line level    source

   1          #include<reg52.h>
   2          #include<intrins.h>     
   3          #define led P2
   4          
   5          
   6          typedef unsigned char u8;
   7          typedef unsigned int u16;
   8          u16 a,b;
   9          
  10          sbit k1=P3^1;
  11          sbit k2=P3^0;
  12          sbit k3=P3^2;
  13          sbit k4=P3^3;
  14          sbit beep=P1^5; 
  15          
  16          void delay(u16 i)
  17          {
  18   1              while(i--);
  19   1      }
  20          
  21          void IntInit()
  22          {
  23   1              //配置INT0
  24   1              IT0=1;//下降沿
  25   1              EX0=1;//打开INT0的中断允许
  26   1              IT1=1;//下降沿激发
  27   1              EX1=1;//打开INT1中断允许        
  28   1              EA=1;//打开总中断       
  29   1      }
  30          
  31          void main()
  32          {
  33   1              IntInit();
  34   1              while(1)
  35   1              {
  36   2                      led=0x00;
  37   2                      delay(50000);//LED八盏灯常亮
  38   2              }       
  39   1      }
  40          
  41          void Int1()     interrupt 2             //外部中断1低优先级
  42          {
  43   1              delay(1000);//延时消抖
  44   1                      led=0xfe;
  45   1      
  46   1                              for(a=0;a<8;a++)
  47   1                              {
  48   2                                      P2=~(0x01<<a);   
  49   2                                      delay(50000); 
  50   2                              }               
  51   1      
  52   1              
  53   1      }
  54                  
C51 COMPILER V9.57.0.0   FIRST_C                                                           10/02/2020 17:24:19 PAGE 2   

  55          
  56          void Int0()     interrupt 0             //外部中断0的中断函数
  57          {
  58   1              delay(1000);//延时消抖
  59   1                      led=0xfe;
  60   1      
  61   1                              for(b=0;b<8;b++)
  62   1                              {
  63   2                                      P2=~(0x80>>b);   
  64   2                                      delay(50000); 
  65   2                              }       
  66   1              
  67   1      }
  68          
  69          


MODULE INFORMATION:   STATIC OVERLAYABLE
   CODE SIZE        =    192    ----
   CONSTANT SIZE    =   ----    ----
   XDATA SIZE       =   ----    ----
   PDATA SIZE       =   ----    ----
   DATA SIZE        =      4    ----
   IDATA SIZE       =   ----    ----
   BIT SIZE         =   ----    ----
END OF MODULE INFORMATION.


C51 COMPILATION COMPLETE.  0 WARNING(S),  0 ERROR(S)
