C51 COMPILER V9.57.0.0   MAIN                                                              10/28/2020 10:32:11 PAGE 1   


C51 COMPILER V9.57.0.0, COMPILATION OF MODULE MAIN
OBJECT MODULE PLACED IN .\Objects\main.obj
COMPILER INVOKED BY: D:\Keil-C51\keil\C51\BIN\C51.EXE users\main.c OPTIMIZE(8,SPEED) BROWSE DEBUG OBJECTEXTEND PRINT(.\L
                    -istings\main.lst) OBJECT(.\Objects\main.obj)

line level    source

   1          #include<reg52.h>
   2          #include<intrins.h>     
   3          #define led P2
   4          int n=0;
   5          
   6          typedef unsigned char u8;
   7          typedef unsigned int u16;
   8          u16 a,b;
   9          
  10          sbit k1=P3^1;
  11          sbit k2=P3^0;
  12          sbit k3=P3^2;
  13          sbit k4=P3^3;
  14          sbit beep=P1^5; 
  15          
  16          void delay(u16 i)
  17          {
  18   1              while(i--);
  19   1      }
  20          
  21          void IntInit()
  22          {
  23   1              //配置INT0
  24   1              IT0=0;
  25   1              EX0=1;//打开INT0的中断允许
  26   1              IT1=0;
  27   1              EX1=1;//打开INT1中断允许        
  28   1              EA=1;//打开总中断       
  29   1      }
  30          
  31          void main()
  32          {
  33   1              IntInit();
  34   1              while(1)
  35   1              {
  36   2                      led=0x00;
  37   2      
  38   2                      if(n>4)
  39   2                      {
  40   3                              while(1)
  41   3                              {       
  42   4                                      beep=~beep;
  43   4                                      delay(10);
  44   4                              }
  45   3                      }
  46   2                      if(k1==0)
  47   2                      {
  48   3                              while(!k1);
  49   3                              k3=0;
  50   3                      }
  51   2                      if(k2==0)
  52   2                      {
  53   3                              while(!k2);
  54   3                              k4=0;
C51 COMPILER V9.57.0.0   MAIN                                                              10/28/2020 10:32:11 PAGE 2   

  55   3                      }
  56   2              }       
  57   1      }
  58          
  59          void Int1()     interrupt 2             //外部中断1低优先级
  60          {
  61   1      
  62   1                      n++;    
  63   1                      led=0xfe;
  64   1                              for(a=0;a<8;a++)
  65   1                              {
  66   2                                      P2=~(0x01<<a);   
  67   2                                      delay(50000); 
  68   2                              }
  69   1                              k4=1;                   
  70   1      }
  71          
  72          void Int0()     interrupt 0             //外部中断0的中断函数
  73          {
  74   1      
  75   1                      n++;
  76   1                      led=0xfe;
  77   1      
  78   1                              for(b=0;b<8;b++)
  79   1                              {
  80   2                                      P2=~(0x80>>b);   
  81   2                                      delay(50000); 
  82   2                                      if(k2==0)
  83   2                                      {
  84   3                                      for(a=0;a<8;a++)
  85   3                                      {
  86   4                                      P2=~(0x01<<a);   
  87   4                                      delay(50000); 
  88   4                                      }
  89   3                                      }
  90   2                              }
  91   1                              k3=1;   
  92   1              
  93   1      
  94   1      }
  95          
  96          


MODULE INFORMATION:   STATIC OVERLAYABLE
   CODE SIZE        =    279    ----
   CONSTANT SIZE    =   ----    ----
   XDATA SIZE       =   ----    ----
   PDATA SIZE       =   ----    ----
   DATA SIZE        =      6    ----
   IDATA SIZE       =   ----    ----
   BIT SIZE         =   ----    ----
END OF MODULE INFORMATION.


C51 COMPILATION COMPLETE.  0 WARNING(S),  0 ERROR(S)
