C51 COMPILER V9.57.0.0   6_2                                                               10/17/2020 17:34:31 PAGE 1   


C51 COMPILER V9.57.0.0, COMPILATION OF MODULE 6_2
OBJECT MODULE PLACED IN .\Objects\6-2.obj
COMPILER INVOKED BY: D:\Keil-C51\keil\C51\BIN\C51.EXE 6-2.c OPTIMIZE(8,SPEED) BROWSE DEBUG OBJECTEXTEND PRINT(.\Listings
                    -\6-2.lst) OBJECT(.\Objects\6-2.obj)

line level    source

   1          #include <reg52.h>
   2          #include <intrins.h>
   3           
   4          
   5          #define GPIO_DIG P0
   6          //使用138译码器接八个数码管
   7          sbit LSA=P2^2;
   8          sbit LSB=P2^3;
   9          sbit LSC=P2^4;
  10          typedef unsigned int u16;
  11          typedef unsigned char u8;
  12          u8 receiveData;
  13          u8 i=0;
  14          u16 j=10;
  15          //--定义全局变量--//
  16          unsigned char code DIG_CODE[]={0x3f,0x06,0x5b,0x4f,0x66,0x6d,0x7d,0x07,0x7f,0x6f};
  17          //0、1、2、3、4、5、6、7、8、9的显示码
  18          unsigned char DisplayData[3];
  19          //用来存放要显示的3位数的值
  20          
  21          //--声明全局函数--//
  22          void DigDisplay();         //动态显示函数           
  23          void UsartConfiguration();
  24           
  25          void main()
  26          {
  27   1              UsartConfiguration();
  28   1                      
  29   1              while(1)
  30   1              {
  31   2                      DigDisplay();
  32   2              }
  33   1      }
  34          
  35           
  36          void UsartConfiguration()
  37          {
  38   1          TMOD = 0x20;
  39   1          SCON = 0x50;
  40   1          TH1 = 0xF4;
  41   1          TL1 = 0xF4;
  42   1          PCON = 0x80;
  43   1          EA = 1;
  44   1          ES = 1;
  45   1          TR1 = 1; //打开计数器
  46   1      }
  47          
  48          void DigDisplay()
  49          {
  50   1      
  51   1      
  52   1                      switch(i)         //位选，选择点亮的数码管，
  53   1                      {
  54   2                              case(0):
C51 COMPILER V9.57.0.0   6_2                                                               10/17/2020 17:34:31 PAGE 2   

  55   2                                      LSA=0;LSB=0;LSC=0;GPIO_DIG=0x40; //显示第0位个位
  56   2                                                      case(1):
  57   2                                      LSA=1;LSB=0;LSC=0;GPIO_DIG=DisplayData[i-1];//显示第1位十位
  58   2      //                                              case(2):
  59   2      //                                LSA=0;LSB=1;LSC=0; break;//显示第2位百位
  60   2                      }
  61   1                      j=10;                                                 //扫描间隔时间设定
  62   1                      while(j--);        
  63   1                      GPIO_DIG=0x00;//消隐
  64   1      }
  65          
  66          
  67          
  68          void Usart() interrupt 4
  69          {
  70   1              receiveData=SBUF;   //出去接收到的数据
  71   1              RI = 0;                         //清除接收中断标志位
  72   1              SBUF=receiveData;       //将接收到的数据放入到发送寄存器
  73   1              while(!TI);                     //等待发送数据完成
  74   1          DisplayData[0] = DIG_CODE[(receiveData-'0')%10];//个位
  75   1      //      DisplayData[1] = DIG_CODE[(receiveData-'0')%100/10];//十位
  76   1      //      DisplayData[2] = DIG_CODE[(receiveData-'0')/100];//百位
  77   1              i=1;
  78   1              TI=0;                           //清除发送完成标志位
  79   1      }
  80          
  81          


MODULE INFORMATION:   STATIC OVERLAYABLE
   CODE SIZE        =    173    ----
   CONSTANT SIZE    =     10    ----
   XDATA SIZE       =   ----    ----
   PDATA SIZE       =   ----    ----
   DATA SIZE        =      7    ----
   IDATA SIZE       =   ----    ----
   BIT SIZE         =   ----    ----
END OF MODULE INFORMATION.


C51 COMPILATION COMPLETE.  0 WARNING(S),  0 ERROR(S)
