C51 COMPILER V9.57.0.0   LCD                                                               10/12/2020 12:57:54 PAGE 1   


C51 COMPILER V9.57.0.0, COMPILATION OF MODULE LCD
OBJECT MODULE PLACED IN .\Objects\lcd.obj
COMPILER INVOKED BY: D:\Keil-C51\keil\C51\BIN\C51.EXE Users\lcd.c OPTIMIZE(8,SPEED) BROWSE DEBUG OBJECTEXTEND PRINT(.\Li
                    -stings\lcd.lst) OBJECT(.\Objects\lcd.obj)

line level    source

   1          #include "lcd.h"
   2          
   3          //延时函数，延时1ms
   4          //该函数是在12MHZ晶振下，12分频单片机的延时
   5          void Lcd1602_Delay1ms(uint c)   //误差 0us
   6          {
   7   1          uchar a,b;
   8   1              for (; c>0; c--)
   9   1              {
  10   2                       for (b=199;b>0;b--)
  11   2                       {
  12   3                              for(a=1;a>0;a--);
  13   3                       }      
  14   2              }       
  15   1      }
  16          
  17          void LcdWriteCom(uchar com)       //写入命令
  18          {
  19   1              LCD1602_E = 0;     //使能
  20   1              LCD1602_RS = 0;    //选择发送命令
  21   1              LCD1602_RW = 0;    //选择写入
  22   1              
  23   1              LCD1602_DATAPINS = com;     //放入命令
  24   1              Lcd1602_Delay1ms(1);            //等待数据稳定
  25   1      
  26   1              LCD1602_E = 1;            //写入时序
  27   1              Lcd1602_Delay1ms(5);      //保持时间
  28   1              LCD1602_E = 0;
  29   1      }          
  30             
  31          void LcdWriteData(uchar dat)                    //写入数据
  32          {
  33   1              LCD1602_E = 0;  //使能清零
  34   1              LCD1602_RS = 1; //选择输入数据
  35   1              LCD1602_RW = 0; //选择写入
  36   1              Lcd1602_Delay1ms(1);
  37   1              LCD1602_DATAPINS = dat; //写入数据
  38   1              Lcd1602_Delay1ms(1);
  39   1      
  40   1              LCD1602_E = 1;   //写入时序
  41   1              Lcd1602_Delay1ms(5);   //保持时间
  42   1              LCD1602_E = 0;
  43   1              Lcd1602_Delay1ms(5);   //保持时间
  44   1      }
  45          /*******************************************************************************
  46          * 函 数 名       : LcdInit()
  47          * 函数功能               : 初始化LCD屏
  48          * 输    入       : 无
  49          * 输    出       : 无
  50          *******************************************************************************/                   
  51          
  52          void LcdInit()                                            //LCD初始化子程序
  53          {
  54   1              LcdWriteCom(0x38);  //开显示(功能设定指令)
C51 COMPILER V9.57.0.0   LCD                                                               10/12/2020 12:57:54 PAGE 2   

  55   1              Lcd1602_Delay1ms(5);   //保持时间
  56   1              LcdWriteCom(0x0C);  //开显示不显示光标(显示开关控制指令)
  57   1              LcdWriteCom(0x01);  //清屏
  58   1              LcdWriteCom(0x06);  //写一个指针加1
  59   1      }
  60          


MODULE INFORMATION:   STATIC OVERLAYABLE
   CODE SIZE        =    104    ----
   CONSTANT SIZE    =   ----    ----
   XDATA SIZE       =   ----    ----
   PDATA SIZE       =   ----    ----
   DATA SIZE        =   ----    ----
   IDATA SIZE       =   ----    ----
   BIT SIZE         =   ----    ----
END OF MODULE INFORMATION.


C51 COMPILATION COMPLETE.  0 WARNING(S),  0 ERROR(S)
