C51 COMPILER V9.57.0.0   MAIN                                                              10/27/2020 19:06:18 PAGE 1   


C51 COMPILER V9.57.0.0, COMPILATION OF MODULE MAIN
OBJECT MODULE PLACED IN .\Objects\main.obj
COMPILER INVOKED BY: D:\Keil-C51\keil\C51\BIN\C51.EXE Users\main.c OPTIMIZE(8,SPEED) BROWSE DEBUG OBJECTEXTEND PRINT(.\L
                    -istings\main.lst) OBJECT(.\Objects\main.obj)

line level    source

   1          #include <reg52.h>
   2          #define uchar unsigned char
   3                  
   4          sbit p1=P1^0;
   5          uchar  a = 0;
   6          
   7          //void int1() interrupt 1
   8          //{
   9          //      a%=10;
  10          //      if(a<2)
  11          //      {
  12          //              p1=1;
  13          //      }
  14          //      else 
  15          //      {
  16          //              p1=0;
  17          //      }
  18          //      a++;
  19          //}
  20          
  21          void int1() interrupt 1
  22          {
  23   1              a++;
  24   1              if(a==80)
  25   1              {
  26   2                      p1=1;
  27   2              }
  28   1              if(a==100)
  29   1              {
  30   2                      P1=0;
  31   2                      a=0;
  32   2              }
  33   1      
  34   1      }
  35          
  36          void main()
  37          {
  38   1              TMOD=0x02; //设置T0为方式2
  39   1              TH0=216;
  40   1              TL0=216; //每次40微秒
  41   1              TR0=1; //启动T0定时器
  42   1              ET0=1; //允许外部中断0中断
  43   1              EA=1; //总中断允许
  44   1              while(1);
  45   1      }


MODULE INFORMATION:   STATIC OVERLAYABLE
   CODE SIZE        =     46    ----
   CONSTANT SIZE    =   ----    ----
   XDATA SIZE       =   ----    ----
   PDATA SIZE       =   ----    ----
   DATA SIZE        =      1    ----
   IDATA SIZE       =   ----    ----
C51 COMPILER V9.57.0.0   MAIN                                                              10/27/2020 19:06:18 PAGE 2   

   BIT SIZE         =   ----    ----
END OF MODULE INFORMATION.


C51 COMPILATION COMPLETE.  0 WARNING(S),  0 ERROR(S)
