C51 COMPILER V9.57.0.0   10FLICKER1BEEP                                                    09/30/2020 22:22:39 PAGE 1   


C51 COMPILER V9.57.0.0, COMPILATION OF MODULE 10FLICKER1BEEP
OBJECT MODULE PLACED IN .\Objects\10flicker1beep.obj
COMPILER INVOKED BY: D:\Keil-C51\keil\C51\BIN\C51.EXE Users\10flicker1beep.c OPTIMIZE(8,SPEED) BROWSE DEBUG OBJECTEXTEND
                    - PRINT(.\Listings\10flicker1beep.lst) OBJECT(.\Objects\10flicker1beep.obj)

line level    source

   1          #include<reg52.h>
   2          #include<intrins.h>
   3          
   4          typedef unsigned int u16;
   5          typedef unsigned char u8;
   6          #define led P2
   7          
   8          sbit beep=P1^5; 
   9          sbit k4=P3^3;  
  10          
  11          void delay(u16 i)
  12          {
  13   1              while(i--);
  14   1      }
  15          
  16          void Int1Init()
  17          {
  18   1              //设置INT1
  19   1              IT1=1;//跳变沿出发方式（下降沿）
  20   1              EX1=1;//打开INT1的中断允许。    
  21   1              EA=1;//打开总中断       
  22   1      }
  23          
  24          void main()
  25          {       
  26   1              k4=0;
  27   1              Int1Init();  // 设置外部中断1
  28   1              
  29   1              
  30   1      }
  31          void Int1()     interrupt 2             //外部中断1的中断函数
  32          {
  33   1              delay(1000);
  34   1              if(k4==0)
  35   1              {
  36   2                      int n=0;
  37   2                      for(n=0;n<10;n++)
  38   2                      {
  39   3                              led=0xff;
  40   3                              delay(50000);
  41   3                              led=0x00;
  42   3                              delay(50000);
  43   3                      }       
  44   2              }               
  45   1              while(1)
  46   1              {       
  47   2                      beep=~beep;
  48   2                      delay(10);
  49   2              }
  50   1              
  51   1      }


MODULE INFORMATION:   STATIC OVERLAYABLE
C51 COMPILER V9.57.0.0   10FLICKER1BEEP                                                    09/30/2020 22:22:39 PAGE 2   

   CODE SIZE        =    108    ----
   CONSTANT SIZE    =   ----    ----
   XDATA SIZE       =   ----    ----
   PDATA SIZE       =   ----    ----
   DATA SIZE        =   ----       2
   IDATA SIZE       =   ----    ----
   BIT SIZE         =   ----    ----
END OF MODULE INFORMATION.


C51 COMPILATION COMPLETE.  0 WARNING(S),  0 ERROR(S)
