C51 COMPILER V9.57.0.0   5_1                                                               10/27/2020 19:40:04 PAGE 1   


C51 COMPILER V9.57.0.0, COMPILATION OF MODULE 5_1
OBJECT MODULE PLACED IN .\Objects\5-1.obj
COMPILER INVOKED BY: D:\Keil-C51\keil\C51\BIN\C51.EXE Users\5-1.c OPTIMIZE(8,SPEED) BROWSE DEBUG OBJECTEXTEND PRINT(.\Li
                    -stings\5-1.lst) OBJECT(.\Objects\5-1.obj)

line level    source

   1          //5-1
   2          //编写简易加法计算器程序，使用开发板，实现结果小于10的加法运算
   3          //设定9个数字按键，1个加法键盘作为输入，数码管显示输出结果。
   4          #include "reg52.h"
   5          #define GPIO_KEY P1
   6          typedef unsigned int u16;
   7          typedef unsigned char u8;
   8          u8 KeyValue1;//用来存放读取到的键值
   9          u8 KeyValue2;//用来存放读取到的键值
  10          u8 KeyState1;//用来存放按键状态
  11          u8 KeyState2;//用来存放按键状态
  12          u16 code smgduan[]={0x3f,0x06,0x5b,0x4f,0x66,0x6d,0x7d,0x07,0x7f,0x6f};//显示0~9的值
  13          u16 sum=0,count1=0,count2=0;
  14          u8 shi=0,ge=0;
  15          u8 flag=0;
  16          u8 add=0;
  17          u16 m=0;
  18          sbit LSA=P2^2;
  19          sbit LSB=P2^3;
  20          sbit LSC=P2^4;
  21          sbit k3=P3^2;
  22          sbit k4=P3^3;
  23          
  24          void delay10ms()
  25          {
  26   1          unsigned char a,b;
  27   1          for(b=249;b>0;b--)
  28   1              for(a=17;a>0;a--);
  29   1      }
  30          void delay(u16 a)
  31          {
  32   1              u16 i=0,j=0;
  33   1              for(i=0;i<a;i++)
  34   1              {
  35   2                      for(j=0;j<110;j++);
  36   2              }
  37   1      }
  38          
  39          void DigDisplayN(u8 NOw)
  40          {
  41   1              u8 i;
  42   1              for(i=0;i<200;i++)
  43   1              {
  44   2                      LSA=1;LSB=1;LSC=1; P0=smgduan[NOw];
  45   2                      delay(1); //间隔一段时间扫描
  46   2              }
  47   1      }
  48          
  49          void KeyDown1()//检测有无按键按下并读取键值
  50          {
  51   1      //      char m;
  52   1          for(;;)
  53   1          {
  54   2              GPIO_KEY=0x0f;
C51 COMPILER V9.57.0.0   5_1                                                               10/27/2020 19:40:04 PAGE 2   

  55   2              delay10ms();delay10ms();
  56   2              if(GPIO_KEY!=0x0f)
  57   2              {
  58   3                      delay10ms();
  59   3                      if(GPIO_KEY!=0x0f)
  60   3                      {
  61   4                              KeyState1=1; 
  62   4                              //测试列
  63   4      //                      Delay10ms();
  64   4                              switch(GPIO_KEY)
  65   4                              {
  66   5                                      case(0X07):     KeyValue1=0;break;//0000 0111
  67   5                                      case(0X0b):     KeyValue1=1;break;//0000 1011
  68   5                                      case(0X0d): KeyValue1=2;break;//0000 1101
  69   5                                      case(0X0e):     KeyValue1=3;break;//0000 1110
  70   5      //                              default:        KeyValue=17;    //检测出错回复17意思是把数码管全灭掉。
  71   5                              }
  72   4                              //测试行
  73   4                              GPIO_KEY=0xf0;
  74   4                              delay10ms();
  75   4                              switch(GPIO_KEY)
  76   4                              {
  77   5                                      case(0X70):     KeyValue1=KeyValue1;break;
  78   5                                      case(0Xb0):     KeyValue1=KeyValue1+4;break;
  79   5                                      case(0Xd0): KeyValue1=KeyValue1+8;break;
  80   5                                      case(0Xe0):     KeyValue1=KeyValue1+12;break;
  81   5      //                              default:        KeyValue1=17;
  82   5                              }
  83   4      //                      while((m<50)&&(GPIO_KEY!=0xf0))  //检测按键松手检测
  84   4      //                      {
  85   4      //                      delay10ms();
  86   4      //                              m++;
  87   4      //                      }
  88   4      
  89   4                      }
  90   3              }
  91   2              DigDisplayN(KeyValue1);
  92   2              if(KeyState1==1)
  93   2              break;
  94   2          }
  95   1      }
  96          
  97          void KeyDown2()//检测有无按键按下并读取键值
  98          {
  99   1      //      char n;
 100   1      for(;;)
 101   1              {GPIO_KEY=0x0f;
 102   2              delay10ms();delay10ms();
 103   2              if(GPIO_KEY!=0x0f)
 104   2              {
 105   3                      delay10ms();
 106   3                      if(GPIO_KEY!=0x0f)
 107   3                      {
 108   4                              KeyState2=1;
 109   4                              //测试列
 110   4                              GPIO_KEY=0x0f;
 111   4      //                      delay10ms();
 112   4                              switch(GPIO_KEY)
 113   4                              {
 114   5                                      case(0X07):     KeyValue2=0;break;
 115   5                                      case(0X0b):     KeyValue2=1;break;
 116   5                                      case(0X0d): KeyValue2=2;break;
C51 COMPILER V9.57.0.0   5_1                                                               10/27/2020 19:40:04 PAGE 3   

 117   5                                      case(0X0e):     KeyValue2=3;break;
 118   5      //                              default:        KeyValue=17;    //检测出错回复17意思是把数码管全灭掉。
 119   5                              }
 120   4                              //测试行
 121   4                              GPIO_KEY=0xf0;
 122   4                              delay10ms();
 123   4                              switch(GPIO_KEY)
 124   4                              {
 125   5                                      case(0X70):     KeyValue2=KeyValue2;break;
 126   5                                      case(0Xb0):     KeyValue2=KeyValue2+4;break;
 127   5                                      case(0Xd0): KeyValue2=KeyValue2+8;break;
 128   5                                      case(0Xe0):     KeyValue2=KeyValue2+12;break;
 129   5      //                              default:        KeyValue=17;
 130   5                              }
 131   4      //                      while((n<50)&&(GPIO_KEY!=0xf0))  //检测按键松手检测
 132   4      //                      {
 133   4      //                      delay10ms();
 134   4      //                              n++;
 135   4      //                      }
 136   4                      }
 137   3              }DigDisplayN(KeyValue2);
 138   2              if(KeyState2==1)
 139   2              break;
 140   2              }
 141   1      }
 142          
 143          
 144          void main()
 145          {
 146   1      
 147   1              while(1)
 148   1              {
 149   2              if(flag==0)
 150   2                      {
 151   3                              KeyDown1();
 152   3                              count1=KeyValue1;
 153   3                              flag=1;
 154   3                              delay(200);
 155   3                      }
 156   2                      
 157   2                      if(k4==0)
 158   2                      {               
 159   3                              delay10ms();
 160   3                              while(!k4);
 161   3                              add=1;
 162   3                      }
 163   2                      if(flag==1 && add==1)
 164   2                      {
 165   3                              KeyDown2();
 166   3                              count2=KeyValue2;
 167   3                              if(GPIO_KEY!=0xff)
 168   3                              flag=2;
 169   3                              delay(200);
 170   3                      }
 171   2      
 172   2                      if(k3==0)
 173   2                      {
 174   3                              delay10ms();
 175   3                              while(!k3);
 176   3                              sum=count1+count2;
 177   3                              shi = sum/10;
 178   3                              ge = sum%10;
C51 COMPILER V9.57.0.0   5_1                                                               10/27/2020 19:40:04 PAGE 4   

 179   3                              for(m=0;m<1000;m++)
 180   3                              {
 181   4      
 182   4                                      DigDisplayN(ge);
 183   4                                      
 184   4                              }
 185   3                      }               
 186   2              }
 187   1      }


MODULE INFORMATION:   STATIC OVERLAYABLE
   CODE SIZE        =    455    ----
   CONSTANT SIZE    =     20    ----
   XDATA SIZE       =   ----    ----
   PDATA SIZE       =   ----    ----
   DATA SIZE        =     16       1
   IDATA SIZE       =   ----    ----
   BIT SIZE         =   ----    ----
END OF MODULE INFORMATION.


C51 COMPILATION COMPLETE.  0 WARNING(S),  0 ERROR(S)
