C51 COMPILER V9.57.0.0   MAIN                                                              10/17/2020 15:08:36 PAGE 1   


C51 COMPILER V9.57.0.0, COMPILATION OF MODULE MAIN
OBJECT MODULE PLACED IN .\Objects\main.obj
COMPILER INVOKED BY: D:\Keil-C51\keil\C51\BIN\C51.EXE Users\main.c OPTIMIZE(8,SPEED) BROWSE DEBUG OBJECTEXTEND PRINT(.\L
                    -istings\main.lst) OBJECT(.\Objects\main.obj)

line level    source

   1          #include "reg52.h"               
   2          
   3          typedef unsigned int u16;
   4          typedef unsigned char u8;
   5          u8 receiveData;
   6          
   7          void UsartInit()
   8          {
   9   1                              
  10   1              TMOD = 0x20;//设置计数器工作方式2
  11   1          SCON = 0x50;//设置为工作方式1
  12   1          TH1 = 0xFA;//计数器初始值设置，波特率4800
  13   1          TL1 = TH1;
  14   1          PCON = 0x00;//波特率不加倍
  15   1          EA = 1;//打开总中断
  16   1          ES = 1;//打开接收中断
  17   1          TR1 = 1;//打开计数器
  18   1      }
  19                  
  20                  
  21          
  22          
  23          
  24          void main()
  25          {       
  26   1              UsartInit();            //串口初始化
  27   1              while(1);               
  28   1      }
  29          
  30          void Usart() interrupt 4
  31          {
  32   1              receiveData=SBUF;   //出去接收到的数据
  33   1              RI = 0;                         //清除接收中断标志位
  34   1              SBUF=receiveData;       //将接收到的数据放入到发送寄存器
  35   1              while(!TI);                     //等待发送数据完成
  36   1              TI=0;                           //清除发送完成标志位
  37   1      }
  38          
  39          


MODULE INFORMATION:   STATIC OVERLAYABLE
   CODE SIZE        =     41    ----
   CONSTANT SIZE    =   ----    ----
   XDATA SIZE       =   ----    ----
   PDATA SIZE       =   ----    ----
   DATA SIZE        =      1    ----
   IDATA SIZE       =   ----    ----
   BIT SIZE         =   ----    ----
END OF MODULE INFORMATION.


C51 COMPILATION COMPLETE.  0 WARNING(S),  0 ERROR(S)
