C51 COMPILER V9.57.0.0   MAIN                                                              09/30/2020 21:34:36 PAGE 1   


C51 COMPILER V9.57.0.0, COMPILATION OF MODULE MAIN
OBJECT MODULE PLACED IN .\Objects\main.obj
COMPILER INVOKED BY: D:\Keil-C51\keil\C51\BIN\C51.EXE users\main.c OPTIMIZE(8,SPEED) BROWSE DEBUG OBJECTEXTEND PRINT(.\L
                    -istings\main.lst) OBJECT(.\Objects\main.obj)

line level    source

   1          #include<reg52.h>
   2          #include<intrins.h>     
   3          typedef unsigned char u8;
   4          typedef unsigned int u16;
   5          
   6          #define led P2
   7          
   8          void delay(u16 i)
   9          {
  10   1              while(i--);
  11   1      }
  12          
  13          void main()
  14          {
  15   1              while(1)
  16   1              {
  17   2                      led=0xff;
  18   2                      delay(50000);
  19   2                      led=0x00;
  20   2                      delay(50000);
  21   2              }
  22   1      }


MODULE INFORMATION:   STATIC OVERLAYABLE
   CODE SIZE        =     33    ----
   CONSTANT SIZE    =   ----    ----
   XDATA SIZE       =   ----    ----
   PDATA SIZE       =   ----    ----
   DATA SIZE        =   ----    ----
   IDATA SIZE       =   ----    ----
   BIT SIZE         =   ----    ----
END OF MODULE INFORMATION.


C51 COMPILATION COMPLETE.  0 WARNING(S),  0 ERROR(S)
